### ISSUE TITLE
QupZilla become pseudo-crashed after not being actived

### ISSUE THREAD

**Issue by Y-H** [QupZilla/qupzilla#784]
The Window-Components seem to be blocked. The title bar is always grey (inactive mode) and untouchable, but one can still close it properly by closing it from the taskbar. WinDbg returns no error/exception - below is result returned by QupZilla.

```
(2470.1acc): Break instruction exception - code 80000003 (first chance)
eax=7ffdc000 ebx=00000000 ecx=00000000 edx=774cf125 esi=00000000 edi=00000000
eip=774640f0 esp=158cfabc ebp=158cfae8 iopl=0         nv up ei pl zr na pe nc
cs=001b  ss=0023  ds=0023  es=0023  fs=003b  gs=0000             efl=00000246
ntdll!DbgBreakPoint:
774640f0 cc              int     3
0:002> p
eax=7ffdc000 ebx=00000000 ecx=00000000 edx=774cf125 esi=00000000 edi=00000000
eip=774640f1 esp=158cfabc ebp=158cfae8 iopl=0         nv up ei pl zr na pe nc
cs=001b  ss=0023  ds=0023  es=0023  fs=003b  gs=0000             efl=00000246
ntdll!DbgBreakPoint+0x1:
774640f1 c3              ret
0:002> p
eax=7ffdc000 ebx=00000000 ecx=00000000 edx=774cf125 esi=00000000 edi=00000000
eip=774cf161 esp=158cfac0 ebp=158cfae8 iopl=0         nv up ei pl zr na pe nc
cs=001b  ss=0023  ds=0023  es=0023  fs=003b  gs=0000             efl=00000246
ntdll!DbgUiRemoteBreakin+0x3c:
774cf161 eb07            jmp     ntdll!DbgUiRemoteBreakin+0x45 (774cf16a)
0:002> p
eax=7ffdc000 ebx=00000000 ecx=00000000 edx=774cf125 esi=00000000 edi=00000000
eip=774cf16a esp=158cfac0 ebp=158cfae8 iopl=0         nv up ei pl zr na pe nc
cs=001b  ss=0023  ds=0023  es=0023  fs=003b  gs=0000             efl=00000246
ntdll!DbgUiRemoteBreakin+0x45:
774cf16a c745fcfeffffff  mov     dword ptr [ebp-4],0FFFFFFFEh ss:0023:158cfae4=00000000
0:002> p
eax=7ffdc000 ebx=00000000 ecx=00000000 edx=774cf125 esi=00000000 edi=00000000
eip=774cf171 esp=158cfac0 ebp=158cfae8 iopl=0         nv up ei pl zr na pe nc
cs=001b  ss=0023  ds=0023  es=0023  fs=003b  gs=0000             efl=00000246
ntdll!DbgUiRemoteBreakin+0x4c:
774cf171 6a00            push    0
0:002> p
eax=7ffdc000 ebx=00000000 ecx=00000000 edx=774cf125 esi=00000000 edi=00000000
eip=774cf173 esp=158cfabc ebp=158cfae8 iopl=0         nv up ei pl zr na pe nc
cs=001b  ss=0023  ds=0023  es=0023  fs=003b  gs=0000             efl=00000246
ntdll!DbgUiRemoteBreakin+0x4e:
774cf173 e89904f9ff      call    ntdll!RtlExitUserThread (7745f611)
0:002> p
WARNING: Step/trace thread exited
eax=7ffdc000 ebx=00000000 ecx=00000000 edx=774cf125 esi=00000000 edi=00000000
eip=774770b4 esp=158cfa9c ebp=158cfab4 iopl=0         nv up ei pl zr na pe nc
cs=001b  ss=0023  ds=0023  es=0023  fs=003b  gs=0000             efl=00000246
ntdll!KiFastSystemCallRet:
774770b4 c3              ret
0:002> p
```

Debuggee is running... (Again in pseudo-crash)
