### ISSUE TITLE
Weird Dump when loading

### ISSUE THREAD

**Issue by Y-H** [QupZilla/qupzilla#901]
The error persist when I press "Recover" in the Session Restore Window. When I tried to trace it with WinDbg, it told me "Debugee is still running" but QupZilla was already dumped. 

```
ModLoad: 73150000 73188000   C:\Windows\System32\fwpuclnt.dll
Cannot mix incompatible Qt library (version 0x40804) with this library (version 0x40805)

<!--it told me "Debugee is still running" but QupZilla was already dumped. Then I pressed "Pause" to break it-->

(1f34.1e4c): Break instruction exception - code 80000003 (first chance)
eax=7ff9b000 ebx=00000000 ecx=00000000 edx=7793f125 esi=00000000 edi=00000000
eip=778d40f0 esp=0a98fb2c ebp=0a98fb58 iopl=0         nv up ei pl zr na pe nc
cs=001b  ss=0023  ds=0023  es=0023  fs=003b  gs=0000             efl=00000246
ntdll!DbgBreakPoint:
778d40f0 cc              int     3
0:001> g
(1f34.1cc4): Break instruction exception - code 80000003 (first chance)
eax=7ff9a000 ebx=00000000 ecx=00000000 edx=7793f125 esi=00000000 edi=00000000
eip=778d40f0 esp=0ad1f9c0 ebp=0ad1f9ec iopl=0         nv up ei pl zr na pe nc
cs=001b  ss=0023  ds=0023  es=0023  fs=003b  gs=0000             efl=00000246
ntdll!DbgBreakPoint:
778d40f0 cc              int     3
0:001> p
eax=7ff9a000 ebx=00000000 ecx=00000000 edx=7793f125 esi=00000000 edi=00000000
eip=778d40f1 esp=0ad1f9c0 ebp=0ad1f9ec iopl=0         nv up ei pl zr na pe nc
cs=001b  ss=0023  ds=0023  es=0023  fs=003b  gs=0000             efl=00000246
ntdll!DbgBreakPoint+0x1:
778d40f1 c3              ret
0:001> g
(1f34.1fb4): Break instruction exception - code 80000003 (first chance)
eax=7ff99000 ebx=00000000 ecx=00000000 edx=7793f125 esi=00000000 edi=00000000
eip=778d40f0 esp=0ae2fe1c ebp=0ae2fe48 iopl=0         nv up ei pl zr na pe nc
cs=001b  ss=0023  ds=0023  es=0023  fs=003b  gs=0000             efl=00000246
ntdll!DbgBreakPoint:
778d40f0 cc              int     3
0:001> gu
eax=7ff99000 ebx=00000000 ecx=00000000 edx=7793f125 esi=00000000 edi=00000000
eip=7793f161 esp=0ae2fe20 ebp=0ae2fe48 iopl=0         nv up ei pl zr na pe nc
cs=001b  ss=0023  ds=0023  es=0023  fs=003b  gs=0000             efl=00000246
ntdll!DbgUiRemoteBreakin+0x3c:
7793f161 eb07            jmp     ntdll!DbgUiRemoteBreakin+0x45 (7793f16a)
0:001> g
(1f34.25f4): Break instruction exception - code 80000003 (first chance)
eax=7ff98000 ebx=00000000 ecx=00000000 edx=7793f125 esi=00000000 edi=00000000
eip=778d40f0 esp=0b0afdf0 ebp=0b0afe1c iopl=0         nv up ei pl zr na pe nc
cs=001b  ss=0023  ds=0023  es=0023  fs=003b  gs=0000             efl=00000246
ntdll!DbgBreakPoint:
778d40f0 cc              int     3
0:001> gu
eax=7ff98000 ebx=00000000 ecx=00000000 edx=7793f125 esi=00000000 edi=00000000
eip=7793f161 esp=0b0afdf4 ebp=0b0afe1c iopl=0         nv up ei pl zr na pe nc
cs=001b  ss=0023  ds=0023  es=0023  fs=003b  gs=0000             efl=00000246
ntdll!DbgUiRemoteBreakin+0x3c:
7793f161 eb07            jmp     ntdll!DbgUiRemoteBreakin+0x45 (7793f16a)
0:001> gu
```
